2025-08-02 06:24:52,743 - __main__ - INFO - Starting comprehensive feature selection...
2025-08-02 06:24:52,743 - __main__ - INFO - Loading feature-engineered datasets...
2025-08-02 06:24:52,775 - __main__ - INFO - Loaded train: 18,699 rows, 156 features
2025-08-02 06:24:52,787 - __main__ - INFO - Loaded validation: 3,252 rows, 141 features
2025-08-02 06:24:52,803 - __main__ - INFO - Loaded test: 3,252 rows, 141 features
2025-08-02 06:24:52,803 - __main__ - INFO - Identifying feature groups...
2025-08-02 06:24:52,804 - __main__ - INFO -   target: 2 features
2025-08-02 06:24:52,804 - __main__ - INFO -   spatial: 3 features
2025-08-02 06:24:52,804 - __main__ - INFO -   temporal: 3 features
2025-08-02 06:24:52,904 - __main__ - INFO -   location: 2 features
2025-08-02 06:24:52,904 - __main__ - INFO -   temperature_bins: 12 features
2025-08-02 06:24:52,904 - __main__ - INFO -   temperature_interactions: 12 features
2025-08-02 06:24:52,904 - __main__ - INFO -   climate_raw: 4 features
2025-08-02 06:24:52,904 - __main__ - INFO -   climate_categorical: 59 features
2025-08-02 06:24:52,904 - __main__ - INFO -   socioeconomic_raw: 3 features
2025-08-02 06:24:52,904 - __main__ - INFO -   socioeconomic_categorical: 72 features
2025-08-02 06:24:52,904 - __main__ - INFO -   canopy: 6 features
2025-08-02 06:24:52,904 - __main__ - INFO -   canopy_categorical: 6 features
2025-08-02 06:24:52,904 - __main__ - INFO -   interactions: 89 features
2025-08-02 06:24:52,905 - __main__ - INFO - Preparing data for ML analysis...
2025-08-02 06:24:52,905 - __main__ - INFO - Found 133 common features between train and validation
2025-08-02 06:24:52,905 - __main__ - WARNING - Features in train but not validation: ['canopy_x_precipitation_low_canopy_rain_days_1_10mm', 'precipitation_rain_days_1_10mm', 'gdp_x_precipitation_low_gdp_rain_days_1_10mm', 'gdp_x_precipitation_medium_gdp_rain_days_1_10mm', 'precipitation_rain_days_10_plus', 'canopy_x_precipitation_medium_canopy_rain_days_1_10mm', 'canopy_x_precipitation_medium_canopy_rain_days_10_plus', 'canopy_x_precipitation_low_canopy_rain_days_10_plus', 'canopy_x_precipitation_no_canopy_rain_days_10_plus', 'gdp_x_precipitation_high_gdp_rain_days_1_10mm', 'canopy_x_precipitation_high_canopy_rain_days_1_10mm', 'canopy_x_precipitation_no_canopy_rain_days_1_10mm', 'gdp_x_precipitation_medium_gdp_rain_days_10_plus', 'gdp_x_precipitation_low_gdp_rain_days_10_plus', 'canopy_x_precipitation_high_canopy_rain_days_10_plus', 'gdp_x_precipitation_high_gdp_rain_days_10_plus']
2025-08-02 06:24:52,905 - __main__ - WARNING - Features in validation but not train: ['canopy_x_population_no_canopy_medium_pop']
2025-08-02 06:24:52,950 - __main__ - WARNING - Dropping categorical feature with many categories: canopy_x_precipitation
2025-08-02 06:24:53,002 - __main__ - WARNING - Dropping categorical feature with many categories: canopy_x_humidity
2025-08-02 06:24:53,025 - __main__ - WARNING - Dropping categorical feature with many categories: canopy_x_gdp
2025-08-02 06:24:53,038 - __main__ - INFO - Prepared features: 130 columns
2025-08-02 06:24:53,038 - __main__ - INFO - Training samples: 18,699
2025-08-02 06:24:53,038 - __main__ - INFO - Validation samples: 3,252
2025-08-02 06:24:53,038 - __main__ - INFO - Creating feature distribution visualizations...
2025-08-02 06:24:56,418 - __main__ - INFO - Feature distribution visualizations saved
2025-08-02 06:24:56,418 - __main__ - INFO - Computing correlation analysis...
2025-08-02 06:24:58,277 - __main__ - INFO - Computing feature importance using multiple methods...
2025-08-02 06:24:58,277 - __main__ - INFO - Computing Random Forest feature importance...
2025-08-02 06:25:02,630 - __main__ - INFO - Random Forest R²: 0.1978
2025-08-02 06:25:02,630 - __main__ - INFO - Computing LightGBM feature importance...
2025-08-02 06:25:05,671 - __main__ - INFO - LightGBM R²: 0.2414
2025-08-02 06:25:05,672 - __main__ - INFO - Computing Lasso feature importance...
2025-08-02 06:25:09,810 - __main__ - INFO - Lasso R²: 0.1895
2025-08-02 06:25:09,810 - __main__ - INFO - Computing Mutual Information...
2025-08-02 06:25:20,315 - __main__ - INFO - Creating feature importance visualizations...
2025-08-02 06:25:21,516 - __main__ - INFO - Creating consensus feature ranking...
2025-08-02 06:25:22,459 - __main__ - INFO - Consensus ranking saved with 130 features
2025-08-02 06:25:22,461 - __main__ - INFO - Creating consensus feature ranking...
2025-08-02 06:25:23,320 - __main__ - INFO - Consensus ranking saved with 130 features
2025-08-02 06:25:23,320 - __main__ - INFO - Selecting optimal features with 95% cumulative threshold...
2025-08-02 06:25:23,324 - __main__ - INFO - Selected 60 features (46.2% of total)
2025-08-02 06:25:23,744 - __main__ - INFO - Saving feature selection results...
2025-08-02 06:25:23,755 - __main__ - INFO - Feature selection results saved successfully
2025-08-02 06:25:23,755 - __main__ - INFO - Feature selection completed successfully!
