2025-08-02 03:34:32,286 - __main__ - INFO - Starting comprehensive feature engineering...
2025-08-02 03:34:32,287 - __main__ - INFO - Loading data splits...
2025-08-02 03:34:32,324 - __main__ - INFO - Loaded train: (18699, 30)
2025-08-02 03:34:32,330 - __main__ - INFO - Loaded validation: (3252, 30)
2025-08-02 03:34:32,335 - __main__ - INFO - Loaded test: (3252, 30)
2025-08-02 03:34:32,335 - __main__ - INFO - Engineering features for train split...
2025-08-02 03:34:32,335 - __main__ - INFO - Creating climate features...
2025-08-02 03:34:32,348 - __main__ - INFO - Added climate features: 4 new features
2025-08-02 03:34:32,348 - __main__ - INFO - Creating socioeconomic features...
2025-08-02 03:34:32,465 - __main__ - INFO - Added socioeconomic features: 8 new features
2025-08-02 03:34:32,466 - __main__ - INFO - Creating canopy features...
2025-08-02 03:34:32,477 - __main__ - INFO - Added canopy features: 3 new features
2025-08-02 03:34:32,477 - __main__ - INFO - Creating temporal features...
2025-08-02 03:34:32,488 - __main__ - INFO - Added temporal features: 6 new features
2025-08-02 03:34:32,490 - __main__ - INFO - Creating interaction features...
2025-08-02 03:34:32,525 - __main__ - INFO - Added interaction features: 8 new features
2025-08-02 03:34:32,525 - __main__ - INFO - Creating policy-relevant features...
2025-08-02 03:34:32,545 - __main__ - INFO - Added policy features: 6 new features
2025-08-02 03:34:32,547 - __main__ - INFO - Cleaning and validating features...
2025-08-02 03:34:32,671 - __main__ - INFO - Feature cleaning completed: (18699, 65)
2025-08-02 03:34:32,672 - __main__ - INFO - train feature engineering completed: (18699, 30) → (18699, 65)
2025-08-02 03:34:32,855 - __main__ - INFO - Saved train engineered dataset: G:\research\junmao-tang\code-test\code-space\data\processed\ml_analysis\engineered\train_engineered.parquet
2025-08-02 03:34:32,855 - __main__ - INFO - Engineering features for validation split...
2025-08-02 03:34:32,855 - __main__ - INFO - Creating climate features...
2025-08-02 03:34:32,860 - __main__ - INFO - Added climate features: 4 new features
2025-08-02 03:34:32,860 - __main__ - INFO - Creating socioeconomic features...
2025-08-02 03:34:32,867 - __main__ - INFO - Added socioeconomic features: 8 new features
2025-08-02 03:34:32,867 - __main__ - INFO - Creating canopy features...
2025-08-02 03:34:32,869 - __main__ - INFO - Added canopy features: 3 new features
2025-08-02 03:34:32,870 - __main__ - INFO - Creating temporal features...
2025-08-02 03:34:32,873 - __main__ - INFO - Added temporal features: 6 new features
2025-08-02 03:34:32,873 - __main__ - INFO - Creating interaction features...
2025-08-02 03:34:32,886 - __main__ - INFO - Added interaction features: 8 new features
2025-08-02 03:34:32,886 - __main__ - INFO - Creating policy-relevant features...
2025-08-02 03:34:32,893 - __main__ - INFO - Added policy features: 6 new features
2025-08-02 03:34:32,895 - __main__ - INFO - Cleaning and validating features...
2025-08-02 03:34:32,941 - __main__ - INFO - Feature cleaning completed: (3252, 65)
2025-08-02 03:34:32,941 - __main__ - INFO - validation feature engineering completed: (3252, 30) → (3252, 65)
2025-08-02 03:34:32,966 - __main__ - INFO - Saved validation engineered dataset: G:\research\junmao-tang\code-test\code-space\data\processed\ml_analysis\engineered\validation_engineered.parquet
2025-08-02 03:34:32,966 - __main__ - INFO - Engineering features for test split...
2025-08-02 03:34:32,966 - __main__ - INFO - Creating climate features...
2025-08-02 03:34:32,971 - __main__ - INFO - Added climate features: 4 new features
2025-08-02 03:34:32,971 - __main__ - INFO - Creating socioeconomic features...
2025-08-02 03:34:32,979 - __main__ - INFO - Added socioeconomic features: 8 new features
2025-08-02 03:34:32,981 - __main__ - INFO - Creating canopy features...
2025-08-02 03:34:32,985 - __main__ - INFO - Added canopy features: 3 new features
2025-08-02 03:34:32,985 - __main__ - INFO - Creating temporal features...
2025-08-02 03:34:32,989 - __main__ - INFO - Added temporal features: 6 new features
2025-08-02 03:34:32,991 - __main__ - INFO - Creating interaction features...
2025-08-02 03:34:32,998 - __main__ - INFO - Added interaction features: 8 new features
2025-08-02 03:34:32,999 - __main__ - INFO - Creating policy-relevant features...
2025-08-02 03:34:33,004 - __main__ - INFO - Added policy features: 6 new features
2025-08-02 03:34:33,004 - __main__ - INFO - Cleaning and validating features...
2025-08-02 03:34:33,035 - __main__ - INFO - Feature cleaning completed: (3252, 65)
2025-08-02 03:34:33,037 - __main__ - INFO - test feature engineering completed: (3252, 30) → (3252, 65)
2025-08-02 03:34:33,055 - __main__ - INFO - Saved test engineered dataset: G:\research\junmao-tang\code-test\code-space\data\processed\ml_analysis\engineered\test_engineered.parquet
2025-08-02 03:34:33,055 - __main__ - INFO - Creating feature summary...
2025-08-02 03:34:33,056 - __main__ - INFO - Feature summary saved: G:\research\junmao-tang\code-test\code-space\data\processed\ml_analysis\engineered\feature_engineering_summary.json
2025-08-02 03:34:33,056 - __main__ - INFO - Feature Engineering Summary:
2025-08-02 03:34:33,056 - __main__ - INFO -   Total features: 65
2025-08-02 03:34:33,056 - __main__ - INFO -   target_variables: 6 features
2025-08-02 03:34:33,056 - __main__ - INFO -   climate_features: 8 features
2025-08-02 03:34:33,056 - __main__ - INFO -   socioeconomic_features: 22 features
2025-08-02 03:34:33,056 - __main__ - INFO -   canopy_features: 11 features
2025-08-02 03:34:33,056 - __main__ - INFO -   temporal_features: 17 features
2025-08-02 03:34:33,056 - __main__ - INFO -   interaction_features: 8 features
2025-08-02 03:34:33,056 - __main__ - INFO -   policy_features: 8 features
2025-08-02 03:34:33,056 - __main__ - INFO -   spatial_features: 13 features
2025-08-02 03:34:33,056 - __main__ - INFO -   other_features: 9 features
2025-08-02 03:34:33,056 - __main__ - INFO - Feature engineering completed for all splits!
