2025-08-02 07:55:49,638 - __main__ - INFO - Starting comprehensive SHAP analysis...
2025-08-02 07:55:49,638 - __main__ - INFO - Loading trained models and preprocessors...
2025-08-02 07:55:49,640 - __main__ - INFO - Loaded ridge model
2025-08-02 07:55:49,640 - __main__ - INFO - Loaded ridge scaler
2025-08-02 07:55:49,641 - __main__ - INFO - Loaded lasso model
2025-08-02 07:55:49,641 - __main__ - INFO - Loaded lasso scaler
2025-08-02 07:55:49,669 - __main__ - INFO - Loaded random_forest model
2025-08-02 07:55:50,026 - __main__ - INFO - Loaded lightgbm model
2025-08-02 07:55:50,231 - __main__ - INFO - Loaded xgboost model
2025-08-02 07:55:50,232 - __main__ - INFO - Loading engineered data...
2025-08-02 07:55:50,361 - __main__ - INFO - Loaded train: 18,699 rows, 156 features
2025-08-02 07:55:50,370 - __main__ - INFO - Loaded validation: 3,252 rows, 141 features
2025-08-02 07:55:50,380 - __main__ - INFO - Loaded test: 3,252 rows, 141 features
2025-08-02 07:55:50,380 - __main__ - INFO - Loaded 60 selected features
2025-08-02 07:55:50,380 - __main__ - INFO - Preparing data for SHAP analysis...
2025-08-02 07:55:50,504 - __main__ - INFO - Generating global SHAP explanations...
2025-08-02 07:55:50,506 - __main__ - INFO - Computing SHAP values for ridge...
2025-08-02 07:55:51,700 - __main__ - INFO - Generating dependence plots for ridge...
2025-08-02 07:55:52,880 - __main__ - INFO - Computing SHAP values for lasso...
2025-08-02 07:55:54,136 - __main__ - INFO - Generating dependence plots for lasso...
2025-08-02 07:55:55,205 - __main__ - INFO - Computing SHAP values for random_forest...
2025-08-02 07:56:07,109 - __main__ - INFO - Generating dependence plots for random_forest...
2025-08-02 07:56:08,234 - __main__ - INFO - Computing SHAP values for lightgbm...
2025-08-02 07:56:09,476 - __main__ - INFO - Generating dependence plots for lightgbm...
2025-08-02 07:56:10,710 - __main__ - INFO - Computing SHAP values for xgboost...
2025-08-02 07:56:12,054 - __main__ - INFO - Generating dependence plots for xgboost...
2025-08-02 07:56:13,160 - __main__ - INFO - Generating policy-focused SHAP analysis...
2025-08-02 07:56:13,162 - __main__ - INFO - Policy analysis for ridge...
2025-08-02 07:56:13,632 - __main__ - INFO - Analyzing canopy effects for ridge...
2025-08-02 07:56:14,277 - __main__ - INFO - Policy analysis for lasso...
2025-08-02 07:56:14,748 - __main__ - INFO - Analyzing canopy effects for lasso...
2025-08-02 07:56:15,307 - __main__ - INFO - Policy analysis for random_forest...
2025-08-02 07:56:26,438 - __main__ - INFO - Analyzing canopy effects for random_forest...
2025-08-02 07:56:27,079 - __main__ - INFO - Policy analysis for lightgbm...
2025-08-02 07:56:27,738 - __main__ - INFO - Analyzing canopy effects for lightgbm...
2025-08-02 07:56:28,509 - __main__ - INFO - Policy analysis for xgboost...
2025-08-02 07:56:29,201 - __main__ - INFO - Analyzing canopy effects for xgboost...
2025-08-02 07:56:29,866 - __main__ - INFO - Generating local explanations...
2025-08-02 07:56:29,873 - __main__ - INFO - Generating explanations for high_consumption cases...
2025-08-02 07:56:29,919 - __main__ - ERROR - Local explanation generation failed: waterfall() got an unexpected keyword argument 'feature_names'
2025-08-02 07:56:29,919 - __main__ - INFO - Creating comprehensive SHAP analysis summary...
2025-08-02 07:56:29,955 - __main__ - INFO - SHAP analysis summary created
2025-08-02 07:56:29,955 - __main__ - INFO - SHAP analysis completed successfully!
