2025-08-02 06:40:48,086 - __main__ - INFO - Starting comprehensive ML pipeline...
2025-08-02 06:40:48,086 - __main__ - INFO - Loading engineered data and selected features...
2025-08-02 06:40:48,140 - __main__ - INFO - Loaded train: 18,699 rows, 156 features
2025-08-02 06:40:48,164 - __main__ - INFO - Loaded validation: 3,252 rows, 141 features
2025-08-02 06:40:48,183 - __main__ - INFO - Loaded test: 3,252 rows, 141 features
2025-08-02 06:40:48,192 - __main__ - INFO - Loaded 60 selected features
2025-08-02 06:40:48,192 - __main__ - INFO - Preparing ML data...
2025-08-02 06:40:48,196 - __main__ - INFO - Creating encoder for categorical feature: canopy_x_population
2025-08-02 06:40:48,202 - __main__ - INFO - Creating encoder for categorical feature: population_x_humidity
2025-08-02 06:40:48,204 - __main__ - INFO - Creating encoder for categorical feature: population_category
2025-08-02 06:40:48,208 - __main__ - INFO - Creating encoder for categorical feature: gdp_x_humidity
2025-08-02 06:40:48,209 - __main__ - INFO - Creating encoder for categorical feature: gdp_x_precipitation
2025-08-02 06:40:48,213 - __main__ - INFO - Creating encoder for categorical feature: gdp_category
2025-08-02 06:40:48,216 - __main__ - INFO - Creating encoder for categorical feature: canopy_x_nightlight
2025-08-02 06:40:48,219 - __main__ - INFO - Creating encoder for categorical feature: nightlight_category
2025-08-02 06:40:48,309 - __main__ - INFO - Prepared train: 18,699 samples, 60 features
2025-08-02 06:40:48,331 - __main__ - INFO - Prepared validation: 3,252 samples, 60 features
2025-08-02 06:40:48,351 - __main__ - INFO - Prepared test: 3,252 samples, 60 features
2025-08-02 06:40:48,351 - __main__ - INFO - Training all models...
2025-08-02 06:40:48,351 - __main__ - INFO - Defining ML models...
2025-08-02 06:40:48,351 - __main__ - INFO - Training ridge...
2025-08-02 06:40:51,920 - __main__ - INFO - ridge - Train R²: 0.6468, Val R²: 0.0771, CV RMSE: 0.7522
2025-08-02 06:40:52,026 - __main__ - INFO - Training lasso...
2025-08-02 06:41:03,832 - __main__ - INFO - lasso - Train R²: 0.6443, Val R²: 0.1338, CV RMSE: 0.7537
2025-08-02 06:41:03,936 - __main__ - INFO - Training random_forest...
2025-08-02 07:10:05,480 - __main__ - INFO - random_forest - Train R²: 0.9484, Val R²: 0.1988, CV RMSE: 0.7657
2025-08-02 07:10:07,552 - __main__ - INFO - Training lightgbm...
2025-08-02 07:17:46,733 - __main__ - INFO - lightgbm - Train R²: 0.8514, Val R²: 0.2166, CV RMSE: 0.6580
2025-08-02 07:17:47,797 - __main__ - INFO - Training xgboost...
2025-08-02 07:19:59,457 - __main__ - INFO - xgboost - Train R²: 0.9002, Val R²: 0.1690, CV RMSE: 0.6513
2025-08-02 07:20:00,523 - __main__ - INFO - Successfully trained 5 models
2025-08-02 07:20:00,524 - __main__ - INFO - Generating model comparison...
2025-08-02 07:20:00,530 - __main__ - INFO - Creating model result visualizations...
2025-08-02 07:20:02,686 - __main__ - INFO - Model result visualizations saved
2025-08-02 07:20:02,686 - __main__ - INFO - Generating feature importance analysis...
2025-08-02 07:20:03,163 - __main__ - INFO - Feature importance analysis completed
2025-08-02 07:20:03,163 - __main__ - INFO - Saving comprehensive results...
2025-08-02 07:20:03,178 - __main__ - INFO - Comprehensive results saved
2025-08-02 07:20:03,178 - __main__ - INFO - ML pipeline completed successfully!
