2025-08-02 06:12:50,198 - __main__ - INFO - Starting comprehensive city-level feature selection pipeline...
2025-08-02 06:12:50,198 - __main__ - INFO - Loading feature-engineered datasets...
2025-08-02 06:12:50,224 - __main__ - INFO - Loaded train: 18,699 rows, 156 features
2025-08-02 06:12:50,234 - __main__ - INFO - Loaded validation: 3,252 rows, 141 features
2025-08-02 06:12:50,244 - __main__ - INFO - Loaded test: 3,252 rows, 141 features
2025-08-02 06:12:50,244 - __main__ - INFO - Identifying feature groups...
2025-08-02 06:12:50,246 - __main__ - INFO -   target: 2 features
2025-08-02 06:12:50,246 - __main__ - INFO -   spatial: 2 features
2025-08-02 06:12:50,246 - __main__ - INFO -   temporal: 3 features
2025-08-02 06:12:50,246 - __main__ - INFO -   location: 3 features
2025-08-02 06:12:50,246 - __main__ - INFO -   climate_raw: 3 features
2025-08-02 06:12:50,246 - __main__ - INFO -   climate_categorical: 59 features
2025-08-02 06:12:50,246 - __main__ - INFO -   socioeconomic_raw: 3 features
2025-08-02 06:12:50,246 - __main__ - INFO -   socioeconomic_categorical: 3 features
2025-08-02 06:12:50,246 - __main__ - INFO -   canopy_raw: 1 features
2025-08-02 06:12:50,247 - __main__ - INFO -   canopy_derived: 5 features
2025-08-02 06:12:50,247 - __main__ - INFO -   interactions: 101 features
2025-08-02 06:12:50,247 - __main__ - INFO - Preparing data for ML analysis...
2025-08-02 06:12:50,247 - __main__ - INFO - Found 132 common features between train and validation
2025-08-02 06:12:50,247 - __main__ - WARNING - Features in train but not validation: ['gdp_x_precipitation_medium_gdp_rain_days_10_plus', 'gdp_x_precipitation_low_gdp_rain_days_1_10mm', 'canopy_x_precipitation_no_canopy_rain_days_10_plus', 'canopy_x_precipitation_high_canopy_rain_days_1_10mm', 'gdp_x_precipitation_medium_gdp_rain_days_1_10mm', 'canopy_x_precipitation_medium_canopy_rain_days_10_plus', 'canopy_x_precipitation_low_canopy_rain_days_1_10mm', 'canopy_x_precipitation_high_canopy_rain_days_10_plus', 'canopy_x_precipitation_medium_canopy_rain_days_1_10mm', 'canopy_x_precipitation_no_canopy_rain_days_1_10mm', 'canopy_x_precipitation_low_canopy_rain_days_10_plus', 'precipitation_rain_days_10_plus', 'gdp_x_precipitation_low_gdp_rain_days_10_plus', 'gdp_x_precipitation_high_gdp_rain_days_10_plus', 'gdp_x_precipitation_high_gdp_rain_days_1_10mm', 'precipitation_rain_days_1_10mm']
2025-08-02 06:12:50,247 - __main__ - WARNING - Features in validation but not train: ['canopy_x_population_no_canopy_medium_pop']
2025-08-02 06:12:50,349 - __main__ - INFO - Prepared features: 132 columns
2025-08-02 06:12:50,349 - __main__ - INFO - Training samples: 18,699
2025-08-02 06:12:50,349 - __main__ - INFO - Validation samples: 3,252
2025-08-02 06:12:50,349 - __main__ - INFO - Creating feature distribution visualizations...
2025-08-02 06:12:53,988 - __main__ - INFO - Feature distribution visualizations completed
2025-08-02 06:12:53,988 - __main__ - INFO - Analyzing feature correlations...
2025-08-02 06:12:55,474 - __main__ - INFO - Correlation analysis completed
2025-08-02 06:12:55,474 - __main__ - INFO - Performing feature importance analysis...
2025-08-02 06:13:12,951 - __main__ - INFO - Feature importance analysis completed
2025-08-02 06:13:12,972 - __main__ - INFO - Creating feature importance visualizations...
2025-08-02 06:13:15,014 - __main__ - INFO - Feature importance visualizations completed
2025-08-02 06:13:15,014 - __main__ - INFO - Selecting final feature set...
2025-08-02 06:13:15,019 - __main__ - INFO - Selected 30 features using 95.0% cumulative importance threshold
2025-08-02 06:13:15,019 - __main__ - INFO - Saving final results...
2025-08-02 06:13:15,030 - __main__ - INFO - Final results saved to G:\research\junmao-tang\code-test\code-space\output\feature_selection\city_level\final_selection
2025-08-02 06:13:15,030 - __main__ - INFO - City-level feature selection pipeline completed successfully!
