2025-08-02 07:54:29,399 - __main__ - INFO - Starting comprehensive SHAP analysis...
2025-08-02 07:54:29,401 - __main__ - INFO - Loading trained models and preprocessors...
2025-08-02 07:54:29,401 - __main__ - INFO - Loaded ridge model
2025-08-02 07:54:29,401 - __main__ - INFO - Loaded ridge scaler
2025-08-02 07:54:29,401 - __main__ - INFO - Loaded lasso model
2025-08-02 07:54:29,403 - __main__ - INFO - Loaded lasso scaler
2025-08-02 07:54:29,431 - __main__ - INFO - Loaded random_forest model
2025-08-02 07:54:29,782 - __main__ - INFO - Loaded lightgbm model
2025-08-02 07:54:29,959 - __main__ - INFO - Loaded xgboost model
2025-08-02 07:54:29,959 - __main__ - INFO - Loading engineered data...
2025-08-02 07:54:30,085 - __main__ - INFO - Loaded train: 18,699 rows, 156 features
2025-08-02 07:54:30,098 - __main__ - INFO - Loaded validation: 3,252 rows, 141 features
2025-08-02 07:54:30,108 - __main__ - INFO - Loaded test: 3,252 rows, 141 features
2025-08-02 07:54:30,108 - __main__ - INFO - Loaded 60 selected features
2025-08-02 07:54:30,108 - __main__ - INFO - Preparing data for SHAP analysis...
2025-08-02 07:54:30,235 - __main__ - INFO - Generating global SHAP explanations...
2025-08-02 07:54:30,238 - __main__ - INFO - Computing SHAP values for ridge...
2025-08-02 07:54:31,471 - __main__ - INFO - Generating dependence plots for ridge...
2025-08-02 07:54:31,624 - __main__ - ERROR - SHAP analysis failed for ridge: 'float' object has no attribute 'shape'
2025-08-02 07:54:31,625 - __main__ - INFO - Computing SHAP values for lasso...
2025-08-02 07:54:32,836 - __main__ - INFO - Generating dependence plots for lasso...
2025-08-02 07:54:32,905 - __main__ - ERROR - SHAP analysis failed for lasso: 'float' object has no attribute 'shape'
2025-08-02 07:54:32,905 - __main__ - INFO - Computing SHAP values for random_forest...
2025-08-02 07:54:44,159 - __main__ - INFO - Generating dependence plots for random_forest...
2025-08-02 07:54:44,231 - __main__ - ERROR - SHAP analysis failed for random_forest: 'float' object has no attribute 'shape'
2025-08-02 07:54:44,231 - __main__ - INFO - Computing SHAP values for lightgbm...
2025-08-02 07:54:45,675 - __main__ - INFO - Generating dependence plots for lightgbm...
2025-08-02 07:54:45,747 - __main__ - ERROR - SHAP analysis failed for lightgbm: 'float' object has no attribute 'shape'
2025-08-02 07:54:45,749 - __main__ - INFO - Computing SHAP values for xgboost...
2025-08-02 07:54:47,080 - __main__ - INFO - Generating dependence plots for xgboost...
2025-08-02 07:54:47,155 - __main__ - ERROR - SHAP analysis failed for xgboost: 'float' object has no attribute 'shape'
2025-08-02 07:54:47,155 - __main__ - INFO - Generating policy-focused SHAP analysis...
2025-08-02 07:54:47,157 - __main__ - INFO - Policy analysis for ridge...
2025-08-02 07:54:47,632 - __main__ - INFO - Analyzing canopy effects for ridge...
2025-08-02 07:54:48,320 - __main__ - INFO - Policy analysis for lasso...
2025-08-02 07:54:48,755 - __main__ - INFO - Analyzing canopy effects for lasso...
2025-08-02 07:54:49,423 - __main__ - INFO - Policy analysis for random_forest...
2025-08-02 07:55:00,018 - __main__ - INFO - Analyzing canopy effects for random_forest...
2025-08-02 07:55:00,578 - __main__ - INFO - Policy analysis for lightgbm...
2025-08-02 07:55:01,190 - __main__ - INFO - Analyzing canopy effects for lightgbm...
2025-08-02 07:55:01,828 - __main__ - INFO - Policy analysis for xgboost...
2025-08-02 07:55:02,442 - __main__ - INFO - Analyzing canopy effects for xgboost...
2025-08-02 07:55:03,206 - __main__ - ERROR - Policy analysis failed for xgboost: Object of type float32 is not JSON serializable
2025-08-02 07:55:03,207 - __main__ - ERROR - Error in SHAP analysis: Object of type float32 is not JSON serializable
