2025-08-02 07:45:18,098 - __main__ - INFO - Starting comprehensive ML pipeline...
2025-08-02 07:45:18,098 - __main__ - INFO - Loading engineered data and selected features...
2025-08-02 07:45:18,124 - __main__ - INFO - Loaded train: 18,699 rows, 156 features
2025-08-02 07:45:18,136 - __main__ - INFO - Loaded validation: 3,252 rows, 141 features
2025-08-02 07:45:18,147 - __main__ - INFO - Loaded test: 3,252 rows, 141 features
2025-08-02 07:45:18,147 - __main__ - INFO - Loaded 60 selected features
2025-08-02 07:45:18,147 - __main__ - INFO - Preparing ML data...
2025-08-02 07:45:18,149 - __main__ - INFO - Creating encoder for categorical feature: canopy_x_population
2025-08-02 07:45:18,253 - __main__ - INFO - Creating encoder for categorical feature: population_x_humidity
2025-08-02 07:45:18,253 - __main__ - INFO - Creating encoder for categorical feature: population_category
2025-08-02 07:45:18,255 - __main__ - INFO - Creating encoder for categorical feature: gdp_x_humidity
2025-08-02 07:45:18,257 - __main__ - INFO - Creating encoder for categorical feature: gdp_x_precipitation
2025-08-02 07:45:18,259 - __main__ - INFO - Creating encoder for categorical feature: gdp_category
2025-08-02 07:45:18,261 - __main__ - INFO - Creating encoder for categorical feature: canopy_x_nightlight
2025-08-02 07:45:18,263 - __main__ - INFO - Creating encoder for categorical feature: nightlight_category
2025-08-02 07:45:18,343 - __main__ - INFO - Prepared train: 18,699 samples, 60 features
2025-08-02 07:45:18,367 - __main__ - INFO - Prepared validation: 3,252 samples, 60 features
2025-08-02 07:45:18,390 - __main__ - INFO - Prepared test: 3,252 samples, 60 features
2025-08-02 07:45:18,390 - __main__ - INFO - Training all models...
2025-08-02 07:45:18,390 - __main__ - INFO - Defining ML models...
2025-08-02 07:45:18,390 - __main__ - INFO - Training ridge...
2025-08-02 07:45:22,016 - __main__ - INFO - ridge - Train R²: 0.6468, Val R²: 0.0771, CV RMSE: 0.7522
2025-08-02 07:45:22,122 - __main__ - INFO - Training lasso...
2025-08-02 07:45:33,572 - __main__ - INFO - lasso - Train R²: 0.6443, Val R²: 0.1338, CV RMSE: 0.7537
2025-08-02 07:45:33,676 - __main__ - INFO - Training random_forest...
