2025-07-30 04:23:46,920 - scripts.download_utils - INFO - ============================================================
2025-07-30 04:23:46,922 - scripts.download_utils - INFO - ERA5-Land Temperature Data Download Pipeline
2025-07-30 04:23:46,922 - scripts.download_utils - INFO - ============================================================
2025-07-30 04:23:46,922 - scripts.download_utils - INFO - Target years: 2019-2019 (1 years)
2025-07-30 04:23:46,922 - scripts.download_utils - INFO - Running pre-flight checks...
2025-07-30 04:23:46,922 - root - INFO - Python version check passed: 3.12
2025-07-30 04:23:46,922 - root - INFO - Disk space check passed. Available: 1423.39GB
2025-07-30 04:23:46,922 - scripts.download_utils - INFO - All pre-flight checks passed
2025-07-30 04:23:47,022 - root - INFO - CDS credentials found in environment variables
2025-07-30 04:23:48,681 - ecmwf.datastores.legacy_client - INFO - [2024-09-26T00:00:00] Watch our [Forum](https://forum.ecmwf.int/) for Announcements, news and other discussed topics.
2025-07-30 04:23:48,683 - scripts.download_utils - INFO - CDS API client initialized successfully
2025-07-30 04:23:48,683 - scripts.download_utils - INFO - Monthly download mode enabled - will download data month by month
2025-07-30 04:23:48,683 - scripts.download_utils - INFO - Estimated download size: 3.0GB for 1 years
2025-07-30 04:23:48,683 - scripts.download_utils - INFO - 
Estimated download: ~3.0GB
2025-07-30 04:23:48,683 - scripts.download_utils - INFO - Starting downloads in 5 seconds... (Press Ctrl+C to cancel)
2025-07-30 04:23:53,684 - scripts.download_utils - INFO - Starting ERA5 downloads for 1 years: 2019-2019
2025-07-30 04:23:53,684 - scripts.download_utils - INFO - 
Progress: 1/1 years
2025-07-30 04:23:53,684 - scripts.download_utils - INFO - Downloading year 2019 month by month...
2025-07-30 04:23:53,684 - scripts.download_utils - INFO - Downloading 2019-01...
2025-07-30 04:23:56,294 - ecmwf.datastores.legacy_client - INFO - Request ID is 50182708-5e18-4b11-8efc-3b0d9c4ee392
2025-07-30 04:23:57,010 - ecmwf.datastores.legacy_client - INFO - status has been updated to accepted
2025-07-30 04:24:12,772 - ecmwf.datastores.legacy_client - INFO - status has been updated to running
2025-07-30 04:28:22,550 - ecmwf.datastores.legacy_client - INFO - status has been updated to successful
2025-07-30 04:28:23,362 - multiurl.base - INFO - Downloading https://object-store.os-api.cci2.ecmwf.int:443/cci2-prod-cache-1/2025-07-30/ee3ec23de4ae85cd6fc901a704725c34.zip
2025-07-30 04:30:12,643 - scripts.download_utils - INFO - Downloaded 2019-01: 458.0MB in 6m 18s
2025-07-30 04:30:14,644 - scripts.download_utils - INFO - Downloading 2019-02...
2025-07-30 04:30:16,612 - ecmwf.datastores.legacy_client - INFO - Request ID is e50e2946-ba96-4a92-8a43-4a291d5a3dd7
2025-07-30 04:30:16,988 - ecmwf.datastores.legacy_client - INFO - status has been updated to accepted
2025-07-30 04:30:40,456 - ecmwf.datastores.legacy_client - INFO - status has been updated to running
2025-07-30 04:34:42,555 - root - WARNING - Attempt 1 failed: 404 Client Error: Not Found for url: https://cds.climate.copernicus.eu/api/retrieve/v1/jobs/e50e2946-ba96-4a92-8a43-4a291d5a3dd7?log=True&request=True
job not found
job e50e2946-ba96-4a92-8a43-4a291d5a3dd7 deleted. Retrying in 5s...
2025-07-30 04:34:48,548 - ecmwf.datastores.legacy_client - INFO - Request ID is bc8193e1-1f9f-4200-bec5-296a4453503d
2025-07-30 04:34:48,914 - ecmwf.datastores.legacy_client - INFO - status has been updated to accepted
2025-07-30 04:34:59,156 - ecmwf.datastores.legacy_client - INFO - status has been updated to successful
2025-07-30 04:34:59,939 - root - WARNING - Attempt 2 failed: [WinError 32] The process cannot access the file because it is being used by another process: 'G:\\research\\junmao-tang\\code-test\\code-space\\data\\raw\\era5\\t2m_2019_02.nc.tmp'. Retrying in 10s...
2025-07-30 04:35:10,755 - ecmwf.datastores.legacy_client - INFO - Request ID is b85e35fc-f239-4b15-8fe6-28e7412194f7
2025-07-30 04:35:11,122 - ecmwf.datastores.legacy_client - INFO - status has been updated to accepted
2025-07-30 04:35:26,239 - ecmwf.datastores.legacy_client - INFO - status has been updated to successful
2025-07-30 04:35:26,991 - root - ERROR - Failed after 3 attempts: [WinError 32] The process cannot access the file because it is being used by another process: 'G:\\research\\junmao-tang\\code-test\\code-space\\data\\raw\\era5\\t2m_2019_02.nc.tmp'
2025-07-30 04:35:26,991 - scripts.download_utils - ERROR - Failed to download 2019-02: [WinError 32] The process cannot access the file because it is being used by another process: 'G:\\research\\junmao-tang\\code-test\\code-space\\data\\raw\\era5\\t2m_2019_02.nc.tmp'
