2025-08-01 00:14:09,178 - scripts.download_utils - INFO - ============================================================
2025-08-01 00:14:09,178 - scripts.download_utils - INFO - China Urban Analysis Data Download Pipeline
2025-08-01 00:14:09,178 - scripts.download_utils - INFO - ============================================================
2025-08-01 00:14:09,178 - scripts.download_utils - INFO - Target years: 2012-2019 (8 years)
2025-08-01 00:14:09,179 - scripts.download_utils - INFO - Data sources to download:
2025-08-01 00:14:09,179 - scripts.download_utils - INFO -   - Tree cover data from Zenodo
2025-08-01 00:14:09,179 - scripts.download_utils - INFO - Running pre-flight checks...
2025-08-01 00:14:09,278 - root - INFO - Python version check passed: 3.12
2025-08-01 00:14:09,278 - root - INFO - Disk space check passed. Available: 1376.71GB
2025-08-01 00:14:09,278 - scripts.download_utils - INFO - All pre-flight checks passed
2025-08-01 00:14:09,278 - scripts.download_utils - INFO - 
============================================================
2025-08-01 00:14:09,278 - scripts.download_utils - INFO - Downloading Tree Cover Data from Zenodo
2025-08-01 00:14:09,278 - scripts.download_utils - INFO - ============================================================
2025-08-01 00:14:09,280 - scripts.download_utils - INFO - Target years: 2012-2019 (8 years)
2025-08-01 00:14:09,280 - scripts.download_utils - INFO - Output directory: data\raw\tree_cover_zenodo
2025-08-01 00:14:10,966 - scripts.download_utils - INFO - 
Record 11047923 - CATCD: The First 30m China Annual Tree Cover Dataset from 1985 to 2023 (Part ¢õ: 2013-2018)
2025-08-01 00:14:10,967 - scripts.download_utils - INFO - Total files: 7
2025-08-01 00:14:10,967 - scripts.download_utils - INFO - Files matching years [2012, 2013, 2014, 2015, 2016, 2017, 2018, 2019]: 6
2025-08-01 00:14:10,967 - scripts.download_utils - INFO -   Downloading CATCD_2017_v01.tif (6827.8 MB)...
