2025-07-30 04:33:47,362 - scripts.download_utils - INFO - ============================================================
2025-07-30 04:33:47,362 - scripts.download_utils - INFO - ERA5-Land Temperature Data Download Pipeline
2025-07-30 04:33:47,362 - scripts.download_utils - INFO - ============================================================
2025-07-30 04:33:47,362 - scripts.download_utils - INFO - Target years: 2012-2019 (8 years)
2025-07-30 04:33:47,362 - scripts.download_utils - INFO - Running pre-flight checks...
2025-07-30 04:33:47,362 - root - INFO - Python version check passed: 3.12
2025-07-30 04:33:47,362 - root - INFO - Disk space check passed. Available: 1422.95GB
2025-07-30 04:33:47,362 - scripts.download_utils - INFO - All pre-flight checks passed
2025-07-30 04:33:47,463 - scripts.download_utils - INFO - Running validation only mode...
2025-07-30 04:33:47,465 - scripts.download_utils - INFO - Starting validation of ERA5 files for years 2012-2019
2025-07-30 04:33:47,465 - scripts.download_utils - WARNING - File not found: t2m_2012.nc
2025-07-30 04:33:47,465 - scripts.download_utils - WARNING - File not found: t2m_2013.nc
2025-07-30 04:33:47,465 - scripts.download_utils - WARNING - File not found: t2m_2014.nc
2025-07-30 04:33:47,465 - scripts.download_utils - WARNING - File not found: t2m_2015.nc
2025-07-30 04:33:47,466 - scripts.download_utils - WARNING - File not found: t2m_2016.nc
2025-07-30 04:33:47,466 - scripts.download_utils - WARNING - File not found: t2m_2017.nc
2025-07-30 04:33:47,466 - scripts.download_utils - WARNING - File not found: t2m_2018.nc
2025-07-30 04:33:47,466 - scripts.download_utils - WARNING - File not found: t2m_2019.nc
2025-07-30 04:33:47,466 - scripts.download_utils - INFO - 
==================================================
2025-07-30 04:33:47,466 - scripts.download_utils - INFO - VALIDATION SUMMARY
2025-07-30 04:33:47,466 - scripts.download_utils - INFO - ==================================================
2025-07-30 04:33:47,466 - scripts.download_utils - INFO - Files found: 0/8
2025-07-30 04:33:47,466 - scripts.download_utils - INFO - Files valid: 0/0
2025-07-30 04:33:47,466 - scripts.download_utils - WARNING - Missing years: [2012, 2013, 2014, 2015, 2016, 2017, 2018, 2019]
