2025-08-01 00:13:38,448 - scripts.download_utils - INFO - ============================================================
2025-08-01 00:13:38,449 - scripts.download_utils - INFO - China Urban Analysis Data Download Pipeline
2025-08-01 00:13:38,449 - scripts.download_utils - INFO - ============================================================
2025-08-01 00:13:38,450 - scripts.download_utils - INFO - Target years: 2012-2019 (8 years)
2025-08-01 00:13:38,450 - scripts.download_utils - INFO - Data sources to download:
2025-08-01 00:13:38,450 - scripts.download_utils - INFO -   - ERA5 temperature data
2025-08-01 00:13:38,450 - scripts.download_utils - INFO -   - Tree cover data from Zenodo
2025-08-01 00:13:38,550 - scripts.download_utils - INFO - Running pre-flight checks...
2025-08-01 00:13:38,552 - root - INFO - Python version check passed: 3.12
2025-08-01 00:13:38,552 - root - INFO - Disk space check passed. Available: 1376.92GB
2025-08-01 00:13:38,552 - scripts.download_utils - INFO - All pre-flight checks passed
2025-08-01 00:13:38,553 - scripts.download_utils - INFO - 
============================================================
2025-08-01 00:13:38,553 - scripts.download_utils - INFO - ERA5 Temperature Data Download
2025-08-01 00:13:38,553 - scripts.download_utils - INFO - ============================================================
2025-08-01 00:13:38,553 - root - INFO - CDS credentials loaded from config file
2025-08-01 00:13:40,110 - ecmwf.datastores.legacy_client - INFO - [2024-09-26T00:00:00] Watch our [Forum](https://forum.ecmwf.int/) for Announcements, news and other discussed topics.
2025-08-01 00:13:40,110 - scripts.download_utils - INFO - CDS API client initialized successfully
2025-08-01 00:13:40,111 - scripts.download_utils - INFO - Estimated download size: 24.0GB for 8 years
2025-08-01 00:13:40,111 - scripts.download_utils - INFO - 
Estimated ERA5 download: ~24.0GB
2025-08-01 00:13:40,111 - scripts.download_utils - INFO - Starting ERA5 downloads in 5 seconds... (Press Ctrl+C to cancel)
2025-08-01 00:13:44,035 - scripts.download_utils - INFO - 
Download cancelled by user
