2025-08-02 02:24:53,850 - __main__ - INFO - Starting comprehensive feature selection...
2025-08-02 02:24:53,850 - __main__ - INFO - Loading feature-engineered datasets...
2025-08-02 02:24:57,182 - __main__ - INFO - Loaded train: 12,109,326 rows, 83 features
2025-08-02 02:24:57,965 - __main__ - INFO - Loaded validation: 2,717,703 rows, 81 features
2025-08-02 02:24:59,018 - __main__ - INFO - Loaded test: 2,717,694 rows, 81 features
2025-08-02 02:24:59,020 - __main__ - INFO - Identifying feature groups...
2025-08-02 02:24:59,020 - __main__ - INFO -   target: 2 features
2025-08-02 02:24:59,020 - __main__ - INFO -   spatial: 7 features
2025-08-02 02:24:59,020 - __main__ - INFO -   temporal: 3 features
2025-08-02 02:24:59,121 - __main__ - INFO -   location: 3 features
2025-08-02 02:24:59,121 - __main__ - INFO -   temperature_bins: 12 features
2025-08-02 02:24:59,121 - __main__ - INFO -   temperature_interactions: 12 features
2025-08-02 02:24:59,121 - __main__ - INFO -   temperature_derived: 8 features
2025-08-02 02:24:59,121 - __main__ - INFO -   climate_raw: 4 features
2025-08-02 02:24:59,121 - __main__ - INFO -   climate_categorical: 6 features
2025-08-02 02:24:59,121 - __main__ - INFO -   socioeconomic_raw: 3 features
2025-08-02 02:24:59,121 - __main__ - INFO -   socioeconomic_categorical: 11 features
2025-08-02 02:24:59,121 - __main__ - INFO -   canopy: 5 features
2025-08-02 02:24:59,121 - __main__ - INFO -   canopy_categorical: 5 features
2025-08-02 02:24:59,121 - __main__ - INFO -   seasonal: 6 features
2025-08-02 02:24:59,121 - __main__ - INFO -   interactions: 2 features
2025-08-02 02:24:59,121 - __main__ - INFO - Preparing data for ML analysis...
2025-08-02 02:24:59,121 - __main__ - INFO - Found 74 common features between train and validation
2025-08-02 02:24:59,121 - __main__ - WARNING - Features in train but not validation: ['precipitation_rain_days_1_10mm', 'precipitation_rain_days_10_plus']
2025-08-02 02:25:16,659 - __main__ - INFO - Prepared features: 74 columns
2025-08-02 02:25:16,661 - __main__ - INFO - Training samples: 12,109,326
2025-08-02 02:25:16,661 - __main__ - INFO - Validation samples: 2,717,703
2025-08-02 02:25:16,661 - __main__ - INFO - Creating feature distribution visualizations...
2025-08-02 02:25:22,536 - __main__ - INFO - Feature distribution visualizations saved
2025-08-02 02:25:22,536 - __main__ - INFO - Computing correlation analysis...
2025-08-02 02:25:54,224 - __main__ - INFO - Computing feature importance using multiple methods...
2025-08-02 02:25:54,224 - __main__ - INFO - Sampling data for feature importance computation...
2025-08-02 02:25:55,216 - __main__ - INFO - Computing Random Forest feature importance...
2025-08-02 02:26:28,006 - __main__ - INFO - Random Forest R²: 0.3927
2025-08-02 02:26:28,007 - __main__ - INFO - Computing LightGBM feature importance...
2025-08-02 02:26:32,228 - __main__ - INFO - LightGBM R²: 0.3986
2025-08-02 02:26:32,228 - __main__ - INFO - Computing Lasso feature importance...
2025-08-02 02:27:03,523 - __main__ - INFO - Lasso R²: 0.2548
2025-08-02 02:27:03,523 - __main__ - INFO - Computing Mutual Information...
2025-08-02 02:27:46,752 - __main__ - INFO - Creating feature importance visualizations...
2025-08-02 02:27:48,010 - __main__ - INFO - Creating consensus feature ranking...
2025-08-02 02:27:48,930 - __main__ - INFO - Consensus ranking saved with 74 features
2025-08-02 02:27:48,930 - __main__ - INFO - Creating consensus feature ranking...
2025-08-02 02:27:49,925 - __main__ - INFO - Consensus ranking saved with 74 features
2025-08-02 02:27:49,925 - __main__ - INFO - Selecting optimal features with 95% cumulative threshold...
2025-08-02 02:27:49,927 - __main__ - INFO - Selected 37 features (50.0% of total)
2025-08-02 02:27:50,372 - __main__ - INFO - Saving feature selection results...
2025-08-02 02:27:50,385 - __main__ - INFO - Feature selection results saved successfully
2025-08-02 02:27:50,385 - __main__ - INFO - Feature selection completed successfully!
