2025-08-02 02:21:32,931 - __main__ - INFO - Starting comprehensive feature selection...
2025-08-02 02:21:32,933 - __main__ - INFO - Loading feature-engineered datasets...
2025-08-02 02:21:36,505 - __main__ - INFO - Loaded train: 12,109,326 rows, 83 features
2025-08-02 02:21:37,431 - __main__ - INFO - Loaded validation: 2,717,703 rows, 81 features
2025-08-02 02:21:38,375 - __main__ - INFO - Loaded test: 2,717,694 rows, 81 features
2025-08-02 02:21:38,375 - __main__ - INFO - Identifying feature groups...
2025-08-02 02:21:38,375 - __main__ - INFO -   target: 2 features
2025-08-02 02:21:38,375 - __main__ - INFO -   spatial: 7 features
2025-08-02 02:21:38,375 - __main__ - INFO -   temporal: 3 features
2025-08-02 02:21:38,474 - __main__ - INFO -   location: 3 features
2025-08-02 02:21:38,474 - __main__ - INFO -   temperature_bins: 12 features
2025-08-02 02:21:38,474 - __main__ - INFO -   temperature_interactions: 12 features
2025-08-02 02:21:38,474 - __main__ - INFO -   temperature_derived: 8 features
2025-08-02 02:21:38,474 - __main__ - INFO -   climate_raw: 4 features
2025-08-02 02:21:38,474 - __main__ - INFO -   climate_categorical: 6 features
2025-08-02 02:21:38,474 - __main__ - INFO -   socioeconomic_raw: 3 features
2025-08-02 02:21:38,474 - __main__ - INFO -   socioeconomic_categorical: 11 features
2025-08-02 02:21:38,474 - __main__ - INFO -   canopy: 5 features
2025-08-02 02:21:38,474 - __main__ - INFO -   canopy_categorical: 5 features
2025-08-02 02:21:38,474 - __main__ - INFO -   seasonal: 6 features
2025-08-02 02:21:38,474 - __main__ - INFO -   interactions: 2 features
2025-08-02 02:21:38,474 - __main__ - INFO - Preparing data for ML analysis...
2025-08-02 02:21:38,474 - __main__ - INFO - Found 74 common features between train and validation
2025-08-02 02:21:38,474 - __main__ - WARNING - Features in train but not validation: ['precipitation_rain_days_1_10mm', 'precipitation_rain_days_10_plus']
2025-08-02 02:21:58,598 - __main__ - INFO - Prepared features: 74 columns
2025-08-02 02:21:58,599 - __main__ - INFO - Training samples: 12,109,326
2025-08-02 02:21:58,599 - __main__ - INFO - Validation samples: 2,717,703
2025-08-02 02:21:58,599 - __main__ - INFO - Creating feature distribution visualizations...
2025-08-02 02:22:05,361 - __main__ - INFO - Feature distribution visualizations saved
2025-08-02 02:22:05,361 - __main__ - INFO - Computing correlation analysis...
2025-08-02 02:22:38,644 - __main__ - INFO - Computing feature importance using multiple methods...
2025-08-02 02:22:38,644 - __main__ - INFO - Sampling data for feature importance computation...
2025-08-02 02:22:39,181 - __main__ - INFO - Computing Random Forest feature importance...
2025-08-02 02:23:11,392 - __main__ - INFO - Random Forest R²: 0.3928
2025-08-02 02:23:11,394 - __main__ - INFO - Computing LightGBM feature importance...
2025-08-02 02:23:15,393 - __main__ - INFO - LightGBM R²: 0.4111
2025-08-02 02:23:15,393 - __main__ - INFO - Computing Lasso feature importance...
2025-08-02 02:23:46,687 - __main__ - INFO - Lasso R²: 0.2529
2025-08-02 02:23:46,687 - __main__ - INFO - Computing Mutual Information...
2025-08-02 02:24:29,990 - __main__ - INFO - Creating feature importance visualizations...
2025-08-02 02:24:31,175 - __main__ - INFO - Creating consensus feature ranking...
2025-08-02 02:24:32,086 - __main__ - INFO - Consensus ranking saved with 74 features
2025-08-02 02:24:32,086 - __main__ - INFO - Creating consensus feature ranking...
2025-08-02 02:24:32,980 - __main__ - INFO - Consensus ranking saved with 74 features
2025-08-02 02:24:32,980 - __main__ - INFO - Selecting optimal features with 95% cumulative threshold...
2025-08-02 02:24:32,984 - __main__ - INFO - Selected 38 features (51.4% of total)
2025-08-02 02:24:33,412 - __main__ - INFO - Saving feature selection results...
2025-08-02 02:24:33,428 - __main__ - INFO - Feature selection results saved successfully
2025-08-02 02:24:33,428 - __main__ - INFO - Feature selection completed successfully!
