2025-08-02 06:01:56,115 - __main__ - INFO - Starting comprehensive feature engineering...
2025-08-02 06:01:56,115 - __main__ - INFO - Loading ML datasets...
2025-08-02 06:01:59,119 - __main__ - INFO - Loaded train: 12,109,326 rows
2025-08-02 06:01:59,804 - __main__ - INFO - Loaded validation: 2,717,703 rows
2025-08-02 06:02:00,500 - __main__ - INFO - Loaded test: 2,717,694 rows
2025-08-02 06:02:11,983 - __main__ - INFO - Loaded full: 17,544,723 rows
2025-08-02 06:02:12,529 - __main__ - INFO - Processing train split...
2025-08-02 06:02:12,529 - __main__ - INFO - Engineering features for train split...
2025-08-02 06:02:12,529 - __main__ - INFO - Creating humidity bins...
2025-08-02 06:02:27,890 - __main__ - INFO - Created humidity bins: ['RH_low', 'RH_mid', 'RH_high']
2025-08-02 06:02:28,705 - __main__ - INFO - Humidity distribution: {'RH_high': 6112570, 'RH_mid': 5639590, 'RH_low': 357166}
2025-08-02 06:02:28,709 - __main__ - INFO - Creating precipitation bins...
2025-08-02 06:02:37,046 - __main__ - INFO - Created precipitation bins: ['rain_days_0_1mm', 'rain_days_1_10mm', 'rain_days_10_plus']
2025-08-02 06:02:37,573 - __main__ - INFO - Precipitation distribution: {'rain_days_0_1mm': 11658679, 'rain_days_10_plus': 408510, 'rain_days_1_10mm': 42137}
2025-08-02 06:02:38,057 - __main__ - INFO - Creating socioeconomic bins...
2025-08-02 06:02:45,567 - __main__ - INFO - GDP categories created with quantiles: [ 9319. 13795.]
2025-08-02 06:02:51,810 - __main__ - INFO - Population categories created with quantiles: [107. 621.]
2025-08-02 06:02:59,984 - __main__ - INFO - Nightlight categories created: ['rural', 'urban_low', 'urban_high']
2025-08-02 06:03:00,620 - __main__ - INFO - Creating canopy bins...
2025-08-02 06:03:11,635 - __main__ - INFO - Canopy categories: ['no_canopy', 'low_canopy', 'medium_canopy', 'high_canopy']
2025-08-02 06:03:12,183 - __main__ - INFO - Canopy distribution: {'no_canopy': 8345417, 'high_canopy': 1857320, 'unknown': 1736554, 'medium_canopy': 170035}
2025-08-02 06:03:12,842 - __main__ - INFO - Creating enhanced temperature features...
2025-08-02 06:03:22,323 - __main__ - INFO - Created enhanced temperature features
2025-08-02 06:03:23,419 - __main__ - INFO - Creating seasonal features...
2025-08-02 06:03:35,900 - __main__ - INFO - Created seasonal features
2025-08-02 06:03:36,941 - __main__ - INFO - Creating two-way interactions...
2025-08-02 06:03:40,400 - __main__ - INFO - Created 2 two-way interaction features
2025-08-02 06:03:41,500 - __main__ - INFO - Removing redundant categorical columns...
2025-08-02 06:03:43,614 - __main__ - INFO - Removed 7 categorical columns
2025-08-02 06:03:45,181 - __main__ - INFO - Feature engineering completed for train: 83 features
2025-08-02 06:03:45,182 - __main__ - INFO - Processing validation split...
2025-08-02 06:03:45,691 - __main__ - INFO - Engineering features for validation split...
2025-08-02 06:03:45,691 - __main__ - INFO - Creating humidity bins...
2025-08-02 06:03:48,153 - __main__ - INFO - Created humidity bins: ['RH_low', 'RH_mid', 'RH_high']
2025-08-02 06:03:48,262 - __main__ - INFO - Humidity distribution: {'RH_high': 1369090, 'RH_mid': 1224071, 'RH_low': 124542}
2025-08-02 06:03:48,263 - __main__ - INFO - Creating precipitation bins...
2025-08-02 06:03:49,423 - __main__ - INFO - Created precipitation bins: ['rain_days_0_1mm', 'rain_days_1_10mm', 'rain_days_10_plus']
2025-08-02 06:03:49,539 - __main__ - INFO - Precipitation distribution: {'rain_days_0_1mm': 2717703}
2025-08-02 06:03:49,602 - __main__ - INFO - Creating socioeconomic bins...
2025-08-02 06:03:50,872 - __main__ - INFO - GDP categories created with quantiles: [10951. 16171.]
2025-08-02 06:03:52,109 - __main__ - INFO - Population categories created with quantiles: [146. 758.]
2025-08-02 06:03:53,481 - __main__ - INFO - Nightlight categories created: ['rural', 'urban_low', 'urban_high']
2025-08-02 06:03:53,560 - __main__ - INFO - Creating canopy bins...
2025-08-02 06:03:55,110 - __main__ - INFO - Canopy categories: ['no_canopy', 'low_canopy', 'medium_canopy', 'high_canopy']
2025-08-02 06:03:55,329 - __main__ - INFO - Canopy distribution: {'unknown': 2078607, 'no_canopy': 539976, 'high_canopy': 85446, 'medium_canopy': 13674}
2025-08-02 06:03:55,443 - __main__ - INFO - Creating enhanced temperature features...
2025-08-02 06:03:57,544 - __main__ - INFO - Created enhanced temperature features
2025-08-02 06:03:57,685 - __main__ - INFO - Creating seasonal features...
2025-08-02 06:03:59,828 - __main__ - INFO - Created seasonal features
2025-08-02 06:03:59,970 - __main__ - INFO - Creating two-way interactions...
2025-08-02 06:04:00,668 - __main__ - INFO - Created 2 two-way interaction features
2025-08-02 06:04:00,839 - __main__ - INFO - Removing redundant categorical columns...
2025-08-02 06:04:01,221 - __main__ - INFO - Removed 7 categorical columns
2025-08-02 06:04:01,493 - __main__ - INFO - Feature engineering completed for validation: 81 features
2025-08-02 06:04:01,494 - __main__ - INFO - Processing test split...
2025-08-02 06:04:01,566 - __main__ - INFO - Engineering features for test split...
2025-08-02 06:04:01,566 - __main__ - INFO - Creating humidity bins...
2025-08-02 06:04:04,331 - __main__ - INFO - Created humidity bins: ['RH_low', 'RH_mid', 'RH_high']
2025-08-02 06:04:04,484 - __main__ - INFO - Humidity distribution: {'RH_mid': 1359069, 'RH_high': 1217096, 'RH_low': 141529}
2025-08-02 06:04:04,485 - __main__ - INFO - Creating precipitation bins...
2025-08-02 06:04:05,846 - __main__ - INFO - Created precipitation bins: ['rain_days_0_1mm', 'rain_days_1_10mm', 'rain_days_10_plus']
2025-08-02 06:04:06,015 - __main__ - INFO - Precipitation distribution: {'rain_days_0_1mm': 2717694}
2025-08-02 06:04:06,093 - __main__ - INFO - Creating socioeconomic bins...
2025-08-02 06:04:07,608 - __main__ - INFO - GDP categories created with quantiles: [11480. 17118.]
2025-08-02 06:04:09,044 - __main__ - INFO - Population categories created with quantiles: [147. 760.]
2025-08-02 06:04:10,509 - __main__ - INFO - Nightlight categories created: ['rural', 'urban_low', 'urban_high']
2025-08-02 06:04:10,616 - __main__ - INFO - Creating canopy bins...
2025-08-02 06:04:12,524 - __main__ - INFO - Canopy categories: ['no_canopy', 'low_canopy', 'medium_canopy', 'high_canopy']
2025-08-02 06:04:12,671 - __main__ - INFO - Canopy distribution: {'unknown': 2078510, 'no_canopy': 540760, 'high_canopy': 83377, 'medium_canopy': 15047}
2025-08-02 06:04:12,803 - __main__ - INFO - Creating enhanced temperature features...
2025-08-02 06:04:14,899 - __main__ - INFO - Created enhanced temperature features
2025-08-02 06:04:15,033 - __main__ - INFO - Creating seasonal features...
2025-08-02 06:04:17,154 - __main__ - INFO - Created seasonal features
2025-08-02 06:04:17,291 - __main__ - INFO - Creating two-way interactions...
2025-08-02 06:04:17,975 - __main__ - INFO - Created 2 two-way interaction features
2025-08-02 06:04:18,128 - __main__ - INFO - Removing redundant categorical columns...
2025-08-02 06:04:18,518 - __main__ - INFO - Removed 7 categorical columns
2025-08-02 06:04:18,812 - __main__ - INFO - Feature engineering completed for test: 81 features
2025-08-02 06:04:18,906 - __main__ - INFO - Validating engineered features...
2025-08-02 06:04:29,816 - __main__ - INFO - Feature Engineering Validation:
2025-08-02 06:04:29,816 - __main__ - INFO -   Total features: 83
2025-08-02 06:04:29,816 - __main__ - INFO -   original: 56 features
2025-08-02 06:04:29,816 - __main__ - INFO -   temperature_derived: 7 features
2025-08-02 06:04:29,816 - __main__ - INFO -   categorical_dummies: 26 features
2025-08-02 06:04:29,816 - __main__ - INFO -   interactions: 14 features
2025-08-02 06:04:29,816 - __main__ - INFO -   seasonal: 6 features
2025-08-02 06:04:29,816 - __main__ - INFO -   Missing data columns: 17
2025-08-02 06:04:49,412 - __main__ - INFO - Saved train engineered dataset: G:\research\junmao-tang\code-test\code-space\data\processed\ml_analysis_grid\engineered\train_engineered.parquet
2025-08-02 06:04:53,602 - __main__ - INFO - Saved validation engineered dataset: G:\research\junmao-tang\code-test\code-space\data\processed\ml_analysis_grid\engineered\validation_engineered.parquet
2025-08-02 06:04:57,609 - __main__ - INFO - Saved test engineered dataset: G:\research\junmao-tang\code-test\code-space\data\processed\ml_analysis_grid\engineered\test_engineered.parquet
2025-08-02 06:04:57,615 - __main__ - INFO - Saved feature engineering metadata: G:\research\junmao-tang\code-test\code-space\data\processed\ml_analysis_grid\engineered\feature_engineering_metadata.json
2025-08-02 06:04:57,617 - __main__ - INFO - Saved feature list: G:\research\junmao-tang\code-test\code-space\data\processed\ml_analysis_grid\engineered\feature_list.json
2025-08-02 06:04:57,618 - __main__ - INFO - Feature engineering completed successfully!
