2025-08-02 01:59:54,158 - __main__ - INFO - Starting comprehensive feature engineering...
2025-08-02 01:59:54,158 - __main__ - INFO - Loading ML datasets...
2025-08-02 01:59:57,523 - __main__ - INFO - Loaded train: 12,109,326 rows
2025-08-02 01:59:58,408 - __main__ - INFO - Loaded validation: 2,717,703 rows
2025-08-02 01:59:59,317 - __main__ - INFO - Loaded test: 2,717,694 rows
2025-08-02 02:00:04,179 - __main__ - INFO - Loaded full: 17,544,723 rows
2025-08-02 02:00:04,179 - __main__ - INFO - Engineering features for train split...
2025-08-02 02:00:04,179 - __main__ - INFO - Creating humidity bins...
2025-08-02 02:00:12,769 - __main__ - INFO - Created humidity bins: ['RH_low', 'RH_mid', 'RH_high']
2025-08-02 02:00:13,410 - __main__ - INFO - Humidity distribution: {'RH_high': 6112570, 'RH_mid': 5639590, 'RH_low': 357166}
2025-08-02 02:00:13,416 - __main__ - INFO - Creating precipitation bins...
2025-08-02 02:00:22,260 - __main__ - INFO - Created precipitation bins: ['rain_days_0_1mm', 'rain_days_1_10mm', 'rain_days_10_plus']
2025-08-02 02:00:22,832 - __main__ - INFO - Precipitation distribution: {'rain_days_0_1mm': 11658679, 'rain_days_10_plus': 408510, 'rain_days_1_10mm': 42137}
2025-08-02 02:00:23,391 - __main__ - INFO - Creating socioeconomic bins...
2025-08-02 02:00:31,584 - __main__ - INFO - GDP categories created with quantiles: [ 9319. 13795.]
2025-08-02 02:00:38,371 - __main__ - INFO - Population categories created with quantiles: [107. 621.]
2025-08-02 02:00:44,932 - __main__ - INFO - Nightlight categories created: ['rural', 'urban_low', 'urban_high']
2025-08-02 02:00:45,482 - __main__ - INFO - Creating canopy bins...
2025-08-02 02:00:55,312 - __main__ - INFO - Canopy categories: ['no_canopy', 'low_canopy', 'medium_canopy', 'high_canopy']
2025-08-02 02:00:55,834 - __main__ - INFO - Canopy distribution: {'no_canopy': 8345417, 'high_canopy': 1857320, 'unknown': 1736554, 'medium_canopy': 170035}
2025-08-02 02:00:56,493 - __main__ - INFO - Creating enhanced temperature features...
2025-08-02 02:01:05,943 - __main__ - INFO - Created enhanced temperature features
2025-08-02 02:01:06,988 - __main__ - INFO - Creating seasonal features...
2025-08-02 02:01:19,550 - __main__ - INFO - Created seasonal features
2025-08-02 02:01:20,247 - __main__ - INFO - Creating two-way interactions...
2025-08-02 02:01:24,094 - __main__ - INFO - Created 2 two-way interaction features
2025-08-02 02:01:25,427 - __main__ - INFO - Removing redundant categorical columns...
2025-08-02 02:01:27,774 - __main__ - INFO - Removed 7 categorical columns
2025-08-02 02:01:29,431 - __main__ - INFO - Feature engineering completed for train: 83 features
2025-08-02 02:01:29,431 - __main__ - INFO - Engineering features for validation split...
2025-08-02 02:01:29,435 - __main__ - INFO - Creating humidity bins...
2025-08-02 02:01:31,993 - __main__ - INFO - Created humidity bins: ['RH_low', 'RH_mid', 'RH_high']
2025-08-02 02:01:32,106 - __main__ - INFO - Humidity distribution: {'RH_high': 1369090, 'RH_mid': 1224071, 'RH_low': 124542}
2025-08-02 02:01:32,194 - __main__ - INFO - Creating precipitation bins...
2025-08-02 02:01:33,484 - __main__ - INFO - Created precipitation bins: ['rain_days_0_1mm', 'rain_days_1_10mm', 'rain_days_10_plus']
2025-08-02 02:01:33,740 - __main__ - INFO - Precipitation distribution: {'rain_days_0_1mm': 2717703}
2025-08-02 02:01:33,808 - __main__ - INFO - Creating socioeconomic bins...
2025-08-02 02:01:35,158 - __main__ - INFO - GDP categories created with quantiles: [10951. 16171.]
2025-08-02 02:01:36,413 - __main__ - INFO - Population categories created with quantiles: [146. 758.]
2025-08-02 02:01:37,687 - __main__ - INFO - Nightlight categories created: ['rural', 'urban_low', 'urban_high']
2025-08-02 02:01:37,782 - __main__ - INFO - Creating canopy bins...
2025-08-02 02:01:39,375 - __main__ - INFO - Canopy categories: ['no_canopy', 'low_canopy', 'medium_canopy', 'high_canopy']
2025-08-02 02:01:39,498 - __main__ - INFO - Canopy distribution: {'unknown': 2078607, 'no_canopy': 539976, 'high_canopy': 85446, 'medium_canopy': 13674}
2025-08-02 02:01:39,706 - __main__ - INFO - Creating enhanced temperature features...
2025-08-02 02:01:41,888 - __main__ - INFO - Created enhanced temperature features
2025-08-02 02:01:42,018 - __main__ - INFO - Creating seasonal features...
2025-08-02 02:01:43,964 - __main__ - INFO - Created seasonal features
2025-08-02 02:01:44,089 - __main__ - INFO - Creating two-way interactions...
2025-08-02 02:01:44,713 - __main__ - INFO - Created 2 two-way interaction features
2025-08-02 02:01:44,861 - __main__ - INFO - Removing redundant categorical columns...
2025-08-02 02:01:45,197 - __main__ - INFO - Removed 7 categorical columns
2025-08-02 02:01:45,472 - __main__ - INFO - Feature engineering completed for validation: 81 features
2025-08-02 02:01:45,472 - __main__ - INFO - Engineering features for test split...
2025-08-02 02:01:45,472 - __main__ - INFO - Creating humidity bins...
2025-08-02 02:01:47,849 - __main__ - INFO - Created humidity bins: ['RH_low', 'RH_mid', 'RH_high']
2025-08-02 02:01:48,001 - __main__ - INFO - Humidity distribution: {'RH_mid': 1359069, 'RH_high': 1217096, 'RH_low': 141529}
2025-08-02 02:01:48,001 - __main__ - INFO - Creating precipitation bins...
2025-08-02 02:01:49,205 - __main__ - INFO - Created precipitation bins: ['rain_days_0_1mm', 'rain_days_1_10mm', 'rain_days_10_plus']
2025-08-02 02:01:49,344 - __main__ - INFO - Precipitation distribution: {'rain_days_0_1mm': 2717694}
2025-08-02 02:01:49,409 - __main__ - INFO - Creating socioeconomic bins...
2025-08-02 02:01:50,697 - __main__ - INFO - GDP categories created with quantiles: [11480. 17118.]
2025-08-02 02:01:52,027 - __main__ - INFO - Population categories created with quantiles: [147. 760.]
2025-08-02 02:01:53,338 - __main__ - INFO - Nightlight categories created: ['rural', 'urban_low', 'urban_high']
2025-08-02 02:01:53,429 - __main__ - INFO - Creating canopy bins...
2025-08-02 02:01:55,095 - __main__ - INFO - Canopy categories: ['no_canopy', 'low_canopy', 'medium_canopy', 'high_canopy']
2025-08-02 02:01:55,229 - __main__ - INFO - Canopy distribution: {'unknown': 2078510, 'no_canopy': 540760, 'high_canopy': 83377, 'medium_canopy': 15047}
2025-08-02 02:01:55,345 - __main__ - INFO - Creating enhanced temperature features...
2025-08-02 02:01:57,527 - __main__ - INFO - Created enhanced temperature features
2025-08-02 02:01:57,671 - __main__ - INFO - Creating seasonal features...
2025-08-02 02:01:59,596 - __main__ - INFO - Created seasonal features
2025-08-02 02:01:59,721 - __main__ - INFO - Creating two-way interactions...
2025-08-02 02:02:00,325 - __main__ - INFO - Created 2 two-way interaction features
2025-08-02 02:02:00,464 - __main__ - INFO - Removing redundant categorical columns...
2025-08-02 02:02:00,799 - __main__ - INFO - Removed 7 categorical columns
2025-08-02 02:02:01,083 - __main__ - INFO - Feature engineering completed for test: 81 features
2025-08-02 02:02:01,083 - __main__ - INFO - Engineering features for full split...
2025-08-02 02:02:01,083 - __main__ - INFO - Creating humidity bins...
2025-08-02 02:02:21,506 - __main__ - INFO - Created humidity bins: ['RH_low', 'RH_mid', 'RH_high']
2025-08-02 02:02:22,285 - __main__ - INFO - Humidity distribution: {'RH_high': 8698756, 'RH_mid': 8222730, 'RH_low': 623237}
2025-08-02 02:02:22,291 - __main__ - INFO - Creating precipitation bins...
2025-08-02 02:02:37,618 - __main__ - INFO - Created precipitation bins: ['rain_days_0_1mm', 'rain_days_1_10mm', 'rain_days_10_plus']
2025-08-02 02:02:38,501 - __main__ - INFO - Precipitation distribution: {'rain_days_0_1mm': 17094076, 'rain_days_10_plus': 408510, 'rain_days_1_10mm': 42137}
2025-08-02 02:02:39,317 - __main__ - INFO - Creating socioeconomic bins...
2025-08-02 02:02:52,054 - __main__ - INFO - GDP categories created with quantiles: [ 9778. 14700.]
2025-08-02 02:02:57,816 - __main__ - ERROR - Error during feature engineering: Unable to allocate 1.05 GiB for an array with shape (8, 17544723) and data type object
