2025-08-02 02:44:14,218 - __main__ - INFO - Starting comprehensive feature selection...
2025-08-02 02:44:14,218 - __main__ - INFO - Loading feature-engineered datasets...
2025-08-02 02:44:17,725 - __main__ - INFO - Loaded train: 12,109,326 rows, 83 features
2025-08-02 02:44:18,667 - __main__ - INFO - Loaded validation: 2,717,703 rows, 81 features
2025-08-02 02:44:19,448 - __main__ - INFO - Loaded test: 2,717,694 rows, 81 features
2025-08-02 02:44:19,448 - __main__ - INFO - Identifying feature groups...
2025-08-02 02:44:19,448 - __main__ - INFO -   target: 2 features
2025-08-02 02:44:19,450 - __main__ - INFO -   spatial: 7 features
2025-08-02 02:44:19,450 - __main__ - INFO -   temporal: 3 features
2025-08-02 02:44:19,549 - __main__ - INFO -   location: 3 features
2025-08-02 02:44:19,550 - __main__ - INFO -   temperature_bins: 12 features
2025-08-02 02:44:19,550 - __main__ - INFO -   temperature_interactions: 12 features
2025-08-02 02:44:19,550 - __main__ - INFO -   temperature_derived: 8 features
2025-08-02 02:44:19,550 - __main__ - INFO -   climate_raw: 4 features
2025-08-02 02:44:19,550 - __main__ - INFO -   climate_categorical: 6 features
2025-08-02 02:44:19,550 - __main__ - INFO -   socioeconomic_raw: 3 features
2025-08-02 02:44:19,550 - __main__ - INFO -   socioeconomic_categorical: 11 features
2025-08-02 02:44:19,550 - __main__ - INFO -   canopy: 5 features
2025-08-02 02:44:19,550 - __main__ - INFO -   canopy_categorical: 5 features
2025-08-02 02:44:19,550 - __main__ - INFO -   seasonal: 6 features
2025-08-02 02:44:19,550 - __main__ - INFO -   interactions: 2 features
2025-08-02 02:44:19,550 - __main__ - INFO - Preparing data for ML analysis...
2025-08-02 02:44:19,550 - __main__ - INFO - Found 70 common features between train and validation
2025-08-02 02:44:19,550 - __main__ - WARNING - Features in train but not validation: ['precipitation_rain_days_1_10mm', 'precipitation_rain_days_10_plus']
2025-08-02 02:44:38,169 - __main__ - INFO - Prepared features: 70 columns
2025-08-02 02:44:38,169 - __main__ - INFO - Training samples: 12,109,326
2025-08-02 02:44:38,169 - __main__ - INFO - Validation samples: 2,717,703
2025-08-02 02:44:38,169 - __main__ - INFO - Creating feature distribution visualizations...
2025-08-02 02:44:43,830 - __main__ - INFO - Feature distribution visualizations saved
2025-08-02 02:44:43,830 - __main__ - INFO - Computing correlation analysis...
2025-08-02 02:45:15,940 - __main__ - INFO - Computing feature importance using multiple methods...
2025-08-02 02:45:15,940 - __main__ - INFO - Sampling data for feature importance computation...
2025-08-02 02:45:16,573 - __main__ - INFO - Computing Random Forest feature importance...
2025-08-02 02:45:43,876 - __main__ - INFO - Random Forest R²: 0.3615
2025-08-02 02:45:43,877 - __main__ - INFO - Computing LightGBM feature importance...
2025-08-02 02:45:47,661 - __main__ - INFO - LightGBM R²: 0.3888
2025-08-02 02:45:47,661 - __main__ - INFO - Computing Lasso feature importance...
2025-08-02 02:45:59,857 - __main__ - INFO - Lasso R²: 0.2563
2025-08-02 02:45:59,860 - __main__ - INFO - Computing Mutual Information...
2025-08-02 02:46:42,334 - __main__ - INFO - Creating feature importance visualizations...
2025-08-02 02:46:43,483 - __main__ - INFO - Creating consensus feature ranking...
2025-08-02 02:46:44,305 - __main__ - INFO - Consensus ranking saved with 70 features
2025-08-02 02:46:44,306 - __main__ - INFO - Creating consensus feature ranking...
2025-08-02 02:46:45,205 - __main__ - INFO - Consensus ranking saved with 70 features
2025-08-02 02:46:45,206 - __main__ - INFO - Selecting optimal features with 95% cumulative threshold...
2025-08-02 02:46:45,208 - __main__ - INFO - Selected 39 features (55.7% of total)
2025-08-02 02:46:45,536 - __main__ - INFO - Saving feature selection results...
2025-08-02 02:46:45,548 - __main__ - INFO - Feature selection results saved successfully
2025-08-02 02:46:45,550 - __main__ - INFO - Feature selection completed successfully!
