2025-08-02 02:03:31,581 - __main__ - INFO - Starting comprehensive feature engineering...
2025-08-02 02:03:31,581 - __main__ - INFO - Loading ML datasets...
2025-08-02 02:03:34,994 - __main__ - INFO - Loaded train: 12,109,326 rows
2025-08-02 02:03:35,878 - __main__ - INFO - Loaded validation: 2,717,703 rows
2025-08-02 02:03:36,772 - __main__ - INFO - Loaded test: 2,717,694 rows
2025-08-02 02:03:41,876 - __main__ - INFO - Loaded full: 17,544,723 rows
2025-08-02 02:03:42,385 - __main__ - INFO - Processing train split...
2025-08-02 02:03:42,385 - __main__ - INFO - Engineering features for train split...
2025-08-02 02:03:42,385 - __main__ - INFO - Creating humidity bins...
2025-08-02 02:03:53,027 - __main__ - INFO - Created humidity bins: ['RH_low', 'RH_mid', 'RH_high']
2025-08-02 02:03:53,543 - __main__ - INFO - Humidity distribution: {'RH_high': 6112570, 'RH_mid': 5639590, 'RH_low': 357166}
2025-08-02 02:03:53,547 - __main__ - INFO - Creating precipitation bins...
2025-08-02 02:04:00,848 - __main__ - INFO - Created precipitation bins: ['rain_days_0_1mm', 'rain_days_1_10mm', 'rain_days_10_plus']
2025-08-02 02:04:01,531 - __main__ - INFO - Precipitation distribution: {'rain_days_0_1mm': 11658679, 'rain_days_10_plus': 408510, 'rain_days_1_10mm': 42137}
2025-08-02 02:04:01,997 - __main__ - INFO - Creating socioeconomic bins...
2025-08-02 02:04:08,641 - __main__ - INFO - GDP categories created with quantiles: [ 9319. 13795.]
2025-08-02 02:04:14,188 - __main__ - INFO - Population categories created with quantiles: [107. 621.]
2025-08-02 02:04:20,666 - __main__ - INFO - Nightlight categories created: ['rural', 'urban_low', 'urban_high']
2025-08-02 02:04:21,199 - __main__ - INFO - Creating canopy bins...
2025-08-02 02:04:29,816 - __main__ - INFO - Canopy categories: ['no_canopy', 'low_canopy', 'medium_canopy', 'high_canopy']
2025-08-02 02:04:30,349 - __main__ - INFO - Canopy distribution: {'no_canopy': 8345417, 'high_canopy': 1857320, 'unknown': 1736554, 'medium_canopy': 170035}
2025-08-02 02:04:30,960 - __main__ - INFO - Creating enhanced temperature features...
2025-08-02 02:04:40,295 - __main__ - INFO - Created enhanced temperature features
2025-08-02 02:04:41,318 - __main__ - INFO - Creating seasonal features...
2025-08-02 02:04:54,666 - __main__ - INFO - Created seasonal features
2025-08-02 02:04:55,360 - __main__ - INFO - Creating two-way interactions...
2025-08-02 02:04:58,831 - __main__ - INFO - Created 2 two-way interaction features
2025-08-02 02:04:59,685 - __main__ - INFO - Removing redundant categorical columns...
2025-08-02 02:05:01,828 - __main__ - INFO - Removed 7 categorical columns
2025-08-02 02:05:03,334 - __main__ - INFO - Feature engineering completed for train: 83 features
2025-08-02 02:05:03,338 - __main__ - ERROR - Error during feature engineering: dictionary changed size during iteration
