2025-08-02 05:47:06,192 - __main__ - INFO - Starting ML data preparation...
2025-08-02 05:47:06,192 - __main__ - INFO - Loading integrated city-level dataset...
2025-08-02 05:47:06,294 - __main__ - INFO - Loaded integrated city dataset: 25,203 rows, 42 columns
2025-08-02 05:47:06,294 - __main__ - INFO - Analyzing dataset structure...
2025-08-02 05:47:06,294 - __main__ - INFO - Dataset Structure:
2025-08-02 05:47:06,294 - __main__ - INFO -   Total: 25,203 rows × 42 columns
2025-08-02 05:47:06,298 - __main__ - INFO -   Temperature bins: 12
2025-08-02 05:47:06,298 - __main__ - INFO -   Temperature interactions: 12
2025-08-02 05:47:06,298 - __main__ - INFO -   Climate variables: 4
2025-08-02 05:47:06,298 - __main__ - INFO -   Socioeconomic variables: 3
2025-08-02 05:47:06,298 - __main__ - INFO -   Canopy variables: 1
2025-08-02 05:47:06,298 - __main__ - INFO - Validating data quality...
2025-08-02 05:47:06,326 - __main__ - INFO - Data Quality Validation:
2025-08-02 05:47:06,326 - __main__ - INFO -   Missing data columns: 0
2025-08-02 05:47:06,326 - __main__ - INFO -   Temporal coverage: [2012, 2019]
2025-08-02 05:47:06,326 - __main__ - INFO -   Spatial coverage: 271 cities
2025-08-02 05:47:06,326 - __main__ - INFO -   Data quality issues: 0
2025-08-02 05:47:06,326 - __main__ - INFO - Preparing data splits for ML analysis...
2025-08-02 05:47:06,333 - __main__ - INFO - Data splits created:
2025-08-02 05:47:06,333 - __main__ - INFO -   full: 25,203 rows
2025-08-02 05:47:06,337 - __main__ - INFO -   train: 18,699 rows
2025-08-02 05:47:06,337 - __main__ - INFO -   validation: 3,252 rows
2025-08-02 05:47:06,337 - __main__ - INFO -   test: 3,252 rows
2025-08-02 05:47:06,684 - __main__ - INFO - Saved full dataset: G:\research\junmao-tang\code-test\code-space\data\processed\ml_analysis\full_dataset.parquet
2025-08-02 05:47:07,899 - __main__ - INFO - Saved train dataset: G:\research\junmao-tang\code-test\code-space\data\processed\ml_analysis\train_dataset.parquet
2025-08-02 05:47:07,909 - __main__ - INFO - Saved validation dataset: G:\research\junmao-tang\code-test\code-space\data\processed\ml_analysis\validation_dataset.parquet
2025-08-02 05:47:07,921 - __main__ - INFO - Saved test dataset: G:\research\junmao-tang\code-test\code-space\data\processed\ml_analysis\test_dataset.parquet
2025-08-02 05:47:07,921 - __main__ - INFO - Saved metadata: G:\research\junmao-tang\code-test\code-space\data\processed\ml_analysis\ml_dataset_metadata.json
2025-08-02 05:47:07,921 - __main__ - INFO - ML data preparation completed successfully!
