2025-08-02 03:23:10,840 - __main__ - INFO - Starting ML data preparation...
2025-08-02 03:23:10,840 - __main__ - INFO - Loading city-level datasets...
2025-08-02 03:23:10,869 - __main__ - INFO - Loaded electricity: (25203, 10)
2025-08-02 03:23:10,872 - __main__ - INFO - Loaded canopy: (2168, 7)
2025-08-02 03:23:10,891 - __main__ - INFO - Loaded gdp: (26016, 8)
2025-08-02 03:23:10,909 - __main__ - INFO - Loaded population: (26016, 8)
2025-08-02 03:23:10,930 - __main__ - INFO - Loaded nightlight: (26016, 8)
2025-08-02 03:23:10,932 - __main__ - INFO - Loaded prec: (1626, 8)
2025-08-02 03:23:10,956 - __main__ - INFO - Loaded pres: (26016, 8)
2025-08-02 03:23:10,976 - __main__ - INFO - Loaded rhu: (26016, 8)
2025-08-02 03:23:11,091 - __main__ - INFO - Merged canopy: (25203, 12)
2025-08-02 03:23:11,109 - __main__ - INFO - Merged gdp: (25203, 15)
2025-08-02 03:23:11,128 - __main__ - INFO - Merged population: (25203, 18)
2025-08-02 03:23:11,146 - __main__ - INFO - Merged nightlight: (25203, 21)
2025-08-02 03:23:11,160 - __main__ - INFO - Merged prec: (25203, 24)
2025-08-02 03:23:11,178 - __main__ - INFO - Merged pres: (25203, 27)
2025-08-02 03:23:11,202 - __main__ - INFO - Merged rhu: (25203, 30)
2025-08-02 03:23:11,202 - __main__ - INFO - Final integrated city dataset: 25,203 rows, 30 columns
2025-08-02 03:23:11,206 - __main__ - INFO - Analyzing dataset structure...
2025-08-02 03:23:11,206 - __main__ - INFO - Dataset Structure:
2025-08-02 03:23:11,206 - __main__ - INFO -   Total: 25,203 rows × 30 columns
2025-08-02 03:23:11,208 - __main__ - INFO -   Temperature bins: 0
2025-08-02 03:23:11,208 - __main__ - INFO -   Temperature interactions: 0
2025-08-02 03:23:11,208 - __main__ - INFO -   Climate variables: 3
2025-08-02 03:23:11,208 - __main__ - INFO -   Socioeconomic variables: 3
2025-08-02 03:23:11,208 - __main__ - INFO -   Canopy variables: 1
2025-08-02 03:23:11,208 - __main__ - INFO - Validating data quality...
2025-08-02 03:23:11,229 - __main__ - INFO - Data Quality Validation:
2025-08-02 03:23:11,229 - __main__ - INFO -   Missing data columns: 3
2025-08-02 03:23:11,229 - __main__ - INFO -   Temporal coverage: [2012, 2019]
2025-08-02 03:23:11,231 - __main__ - ERROR - Error during ML data preparation: 'unique_grids'
