2025-08-02 03:32:23,502 - __main__ - INFO - Starting ML data preparation...
2025-08-02 03:32:23,502 - __main__ - INFO - Loading city-level datasets...
2025-08-02 03:32:23,533 - __main__ - INFO - Loaded electricity: (25203, 10)
2025-08-02 03:32:23,537 - __main__ - INFO - Loaded canopy: (2168, 7)
2025-08-02 03:32:23,555 - __main__ - INFO - Loaded gdp: (26016, 8)
2025-08-02 03:32:23,573 - __main__ - INFO - Loaded population: (26016, 8)
2025-08-02 03:32:23,591 - __main__ - INFO - Loaded nightlight: (26016, 8)
2025-08-02 03:32:23,593 - __main__ - INFO - Loaded prec: (1626, 8)
2025-08-02 03:32:23,615 - __main__ - INFO - Loaded pres: (26016, 8)
2025-08-02 03:32:23,633 - __main__ - INFO - Loaded rhu: (26016, 8)
2025-08-02 03:32:23,743 - __main__ - INFO - Merged canopy: (25203, 12)
2025-08-02 03:32:23,761 - __main__ - INFO - Merged gdp: (25203, 15)
2025-08-02 03:32:23,783 - __main__ - INFO - Merged population: (25203, 18)
2025-08-02 03:32:23,802 - __main__ - INFO - Merged nightlight: (25203, 21)
2025-08-02 03:32:23,815 - __main__ - INFO - Merged prec: (25203, 24)
2025-08-02 03:32:23,838 - __main__ - INFO - Merged pres: (25203, 27)
2025-08-02 03:32:23,862 - __main__ - INFO - Merged rhu: (25203, 30)
2025-08-02 03:32:23,862 - __main__ - INFO - Final integrated city dataset: 25,203 rows, 30 columns
2025-08-02 03:32:23,865 - __main__ - INFO - Analyzing dataset structure...
2025-08-02 03:32:23,866 - __main__ - INFO - Dataset Structure:
2025-08-02 03:32:23,866 - __main__ - INFO -   Total: 25,203 rows × 30 columns
2025-08-02 03:32:23,866 - __main__ - INFO -   Temperature bins: 0
2025-08-02 03:32:23,866 - __main__ - INFO -   Temperature interactions: 0
2025-08-02 03:32:23,866 - __main__ - INFO -   Climate variables: 3
2025-08-02 03:32:23,866 - __main__ - INFO -   Socioeconomic variables: 3
2025-08-02 03:32:23,866 - __main__ - INFO -   Canopy variables: 1
2025-08-02 03:32:23,866 - __main__ - INFO - Validating data quality...
2025-08-02 03:32:23,891 - __main__ - INFO - Data Quality Validation:
2025-08-02 03:32:23,892 - __main__ - INFO -   Missing data columns: 3
2025-08-02 03:32:23,892 - __main__ - INFO -   Temporal coverage: [2012, 2019]
2025-08-02 03:32:23,892 - __main__ - INFO -   Spatial coverage: 271 cities
2025-08-02 03:32:23,892 - __main__ - INFO -   Data quality issues: 0
2025-08-02 03:32:23,892 - __main__ - INFO - Preparing data splits for ML analysis...
2025-08-02 03:32:23,904 - __main__ - INFO - Data splits created:
2025-08-02 03:32:23,904 - __main__ - INFO -   full: 25,203 rows
2025-08-02 03:32:23,904 - __main__ - INFO -   train: 18,699 rows
2025-08-02 03:32:23,904 - __main__ - INFO -   validation: 3,252 rows
2025-08-02 03:32:23,904 - __main__ - INFO -   test: 3,252 rows
2025-08-02 03:32:24,098 - __main__ - INFO - Saved full dataset: G:\research\junmao-tang\code-test\code-space\data\processed\ml_analysis\full_dataset.parquet
2025-08-02 03:32:24,143 - __main__ - INFO - Saved train dataset: G:\research\junmao-tang\code-test\code-space\data\processed\ml_analysis\train_dataset.parquet
2025-08-02 03:32:24,158 - __main__ - INFO - Saved validation dataset: G:\research\junmao-tang\code-test\code-space\data\processed\ml_analysis\validation_dataset.parquet
2025-08-02 03:32:24,171 - __main__ - INFO - Saved test dataset: G:\research\junmao-tang\code-test\code-space\data\processed\ml_analysis\test_dataset.parquet
2025-08-02 03:32:24,173 - __main__ - INFO - Saved metadata: G:\research\junmao-tang\code-test\code-space\data\processed\ml_analysis\ml_dataset_metadata.json
2025-08-02 03:32:24,173 - __main__ - INFO - ML data preparation completed successfully!
