2025-08-02 02:56:40,278 - __main__ - INFO - Starting complete ML pipeline...
2025-08-02 02:56:40,278 - __main__ - INFO - Loading engineered data and selected features...
2025-08-02 02:56:45,836 - __main__ - INFO - Loaded train: 12,109,326 rows
2025-08-02 02:56:47,054 - __main__ - INFO - Loaded validation: 2,717,703 rows
2025-08-02 02:56:47,923 - __main__ - INFO - Loaded test: 2,717,694 rows
2025-08-02 02:56:47,924 - __main__ - INFO - Loaded 39 selected features
2025-08-02 02:56:47,924 - __main__ - INFO - Preparing ML datasets...
2025-08-02 02:56:56,504 - __main__ - INFO - train: 12,109,326 samples, 39 features
2025-08-02 02:56:58,433 - __main__ - INFO - validation: 2,717,703 samples, 39 features
2025-08-02 02:57:00,458 - __main__ - INFO - test: 2,717,694 samples, 39 features
2025-08-02 02:57:00,458 - __main__ - INFO - Starting training of all models...
2025-08-02 02:57:00,458 - __main__ - INFO - 
==================================================
2025-08-02 02:57:00,458 - __main__ - INFO - Training RIDGE
2025-08-02 02:57:00,458 - __main__ - INFO - ==================================================
2025-08-02 02:57:00,458 - __main__ - INFO - Training ridge...
2025-08-02 02:57:00,458 - __main__ - INFO - Optimizing hyperparameters for ridge...
2025-08-02 02:57:00,458 - __main__ - INFO - Setting up 5-fold city-wise cross-validation...
2025-08-02 02:57:00,597 - __main__ - INFO - Cross-validation setup: 271 unique cities
2025-08-02 02:57:00,597 - __main__ - INFO - City size range: 1,278 - 186,706 observations
2025-08-02 02:57:00,658 - __main__ - ERROR - Error training ridge: Input groups contains NaN.
2025-08-02 02:57:00,665 - __main__ - INFO - 
==================================================
2025-08-02 02:57:00,665 - __main__ - INFO - Training LASSO
2025-08-02 02:57:00,665 - __main__ - INFO - ==================================================
2025-08-02 02:57:00,665 - __main__ - INFO - Training lasso...
2025-08-02 02:57:00,665 - __main__ - INFO - Optimizing hyperparameters for lasso...
2025-08-02 02:57:00,665 - __main__ - INFO - Setting up 5-fold city-wise cross-validation...
2025-08-02 02:57:00,801 - __main__ - INFO - Cross-validation setup: 271 unique cities
2025-08-02 02:57:00,801 - __main__ - INFO - City size range: 1,278 - 186,706 observations
2025-08-02 02:57:00,868 - __main__ - ERROR - Error training lasso: Input groups contains NaN.
2025-08-02 02:57:00,873 - __main__ - INFO - 
==================================================
2025-08-02 02:57:00,873 - __main__ - INFO - Training SVR
2025-08-02 02:57:00,873 - __main__ - INFO - ==================================================
2025-08-02 02:57:00,873 - __main__ - INFO - Training svr...
2025-08-02 02:57:00,873 - __main__ - INFO - Optimizing hyperparameters for svr...
2025-08-02 02:57:00,873 - __main__ - INFO - Setting up 5-fold city-wise cross-validation...
2025-08-02 02:57:00,994 - __main__ - INFO - Cross-validation setup: 271 unique cities
2025-08-02 02:57:00,994 - __main__ - INFO - City size range: 1,278 - 186,706 observations
2025-08-02 02:57:01,043 - __main__ - ERROR - Error training svr: Input groups contains NaN.
2025-08-02 02:57:01,048 - __main__ - INFO - 
==================================================
2025-08-02 02:57:01,048 - __main__ - INFO - Training RANDOM_FOREST
2025-08-02 02:57:01,050 - __main__ - INFO - ==================================================
2025-08-02 02:57:01,050 - __main__ - INFO - Training random_forest...
2025-08-02 02:57:01,050 - __main__ - INFO - Optimizing hyperparameters for random_forest...
2025-08-02 02:57:01,050 - __main__ - INFO - Setting up 5-fold city-wise cross-validation...
2025-08-02 02:57:01,146 - __main__ - INFO - Cross-validation setup: 271 unique cities
2025-08-02 02:57:01,146 - __main__ - INFO - City size range: 1,278 - 186,706 observations
2025-08-02 02:57:01,210 - __main__ - ERROR - Error training random_forest: Input groups contains NaN.
2025-08-02 02:57:01,215 - __main__ - INFO - 
==================================================
2025-08-02 02:57:01,216 - __main__ - INFO - Training LIGHTGBM
2025-08-02 02:57:01,216 - __main__ - INFO - ==================================================
2025-08-02 02:57:01,216 - __main__ - INFO - Training lightgbm...
2025-08-02 02:57:01,216 - __main__ - INFO - Optimizing hyperparameters for lightgbm...
2025-08-02 02:57:01,216 - __main__ - INFO - Setting up 5-fold city-wise cross-validation...
2025-08-02 02:57:01,325 - __main__ - INFO - Cross-validation setup: 271 unique cities
2025-08-02 02:57:01,325 - __main__ - INFO - City size range: 1,278 - 186,706 observations
2025-08-02 02:57:01,378 - __main__ - ERROR - Error training lightgbm: Input groups contains NaN.
2025-08-02 02:57:01,383 - __main__ - INFO - 
==================================================
2025-08-02 02:57:01,383 - __main__ - INFO - Training XGBOOST
2025-08-02 02:57:01,383 - __main__ - INFO - ==================================================
2025-08-02 02:57:01,383 - __main__ - INFO - Training xgboost...
2025-08-02 02:57:01,383 - __main__ - INFO - Optimizing hyperparameters for xgboost...
2025-08-02 02:57:01,383 - __main__ - INFO - Setting up 5-fold city-wise cross-validation...
2025-08-02 02:57:01,508 - __main__ - INFO - Cross-validation setup: 271 unique cities
2025-08-02 02:57:01,508 - __main__ - INFO - City size range: 1,278 - 186,706 observations
2025-08-02 02:57:01,555 - __main__ - ERROR - Error training xgboost: Input groups contains NaN.
2025-08-02 02:57:01,559 - __main__ - INFO - 
==================================================
2025-08-02 02:57:01,560 - __main__ - INFO - Training CATBOOST
2025-08-02 02:57:01,560 - __main__ - INFO - ==================================================
2025-08-02 02:57:01,560 - __main__ - INFO - Training catboost...
2025-08-02 02:57:01,560 - __main__ - INFO - Optimizing hyperparameters for catboost...
2025-08-02 02:57:01,560 - __main__ - INFO - Setting up 5-fold city-wise cross-validation...
2025-08-02 02:57:01,643 - __main__ - INFO - Cross-validation setup: 271 unique cities
2025-08-02 02:57:01,643 - __main__ - INFO - City size range: 1,278 - 186,706 observations
2025-08-02 02:57:01,695 - __main__ - ERROR - Error training catboost: Input groups contains NaN.
2025-08-02 02:57:01,698 - __main__ - INFO - Evaluating all trained models...
2025-08-02 02:57:01,698 - __main__ - ERROR - Error in ML pipeline: 'train'
